[2022-09-30T06:08:32.774Z] Log level: Info
[2022-09-30T06:08:32.800Z] [info] Validating found git in: git
[2022-09-30T06:08:32.926Z] [info] Using git 2.30.2 from git
[2022-09-30T06:08:33.098Z] > git rev-parse --show-toplevel [124ms]
[2022-09-30T06:08:33.158Z] > git rev-parse --git-dir --git-common-dir [26ms]
[2022-09-30T06:08:33.180Z] [info] Open repository: /home/rbc-pi
[2022-09-30T06:08:34.264Z] > git status -z -uall [1050ms]
[2022-09-30T06:08:34.293Z] > git symbolic-ref --short HEAD [5ms]
[2022-09-30T06:08:34.331Z] > git for-each-ref --format=%(refname)%00%(upstream:short)%00%(objectname)%00%(upstream:track)%00%(upstream:remotename)%00%(upstream:remoteref) refs/heads/master refs/remotes/master [13ms]
[2022-09-30T06:08:34.456Z] > git remote --verbose [71ms]
[2022-09-30T06:08:34.459Z] > git for-each-ref --sort -committerdate --format %(refname) %(objectname) %(*objectname) [99ms]
[2022-09-30T06:08:38.388Z] > git config --get commit.template [67ms]
[2022-09-30T06:08:38.792Z] > git status -z -uall [350ms]
[2022-09-30T06:08:38.826Z] > git symbolic-ref --short HEAD [5ms]
[2022-09-30T06:08:38.863Z] > git for-each-ref --format=%(refname)%00%(upstream:short)%00%(objectname)%00%(upstream:track)%00%(upstream:remotename)%00%(upstream:remoteref) refs/heads/master refs/remotes/master [9ms]
[2022-09-30T06:08:38.931Z] > git remote --verbose [8ms]
[2022-09-30T06:08:38.934Z] > git for-each-ref --sort -committerdate --format %(refname) %(objectname) %(*objectname) [40ms]
[2022-09-30T06:08:43.461Z] > git check-ignore -v -z --stdin [4079ms]
[2022-09-30T06:08:43.465Z] > git config --get commit.template [103ms]
[2022-09-30T06:08:44.052Z] > git show --textconv :watch.py [35ms]
[2022-09-30T06:08:44.062Z] > git ls-files --stage -- /home/rbc-pi/watch.py [13ms]
[2022-09-30T06:08:44.099Z] > git cat-file -s a11ea3e685e87d4fc4a4918d8d996321f5c404f5 [10ms]
[2022-09-30T06:08:49.727Z] > git status -z -uall [249ms]
[2022-09-30T06:08:49.847Z] > git symbolic-ref --short HEAD [20ms]
[2022-09-30T06:08:50.038Z] > git for-each-ref --format=%(refname)%00%(upstream:short)%00%(objectname)%00%(upstream:track)%00%(upstream:remotename)%00%(upstream:remoteref) refs/heads/master refs/remotes/master [129ms]
[2022-09-30T06:08:50.102Z] > git remote --verbose [7ms]
[2022-09-30T06:08:50.104Z] > git for-each-ref --sort -committerdate --format %(refname) %(objectname) %(*objectname) [37ms]
[2022-09-30T06:08:56.812Z] > git config --get commit.template [35ms]
[2022-09-30T06:09:02.068Z] > git status -z -uall [198ms]
[2022-09-30T06:09:02.096Z] > git symbolic-ref --short HEAD [3ms]
[2022-09-30T06:09:02.125Z] > git for-each-ref --format=%(refname)%00%(upstream:short)%00%(objectname)%00%(upstream:track)%00%(upstream:remotename)%00%(upstream:remoteref) refs/heads/master refs/remotes/master [3ms]
[2022-09-30T06:09:02.181Z] > git remote --verbose [6ms]
[2022-09-30T06:09:02.183Z] > git for-each-ref --sort -committerdate --format %(refname) %(objectname) %(*objectname) [33ms]
[2022-09-30T06:09:06.295Z] > git config --get commit.template [41ms]
[2022-09-30T06:09:11.513Z] > git status -z -uall [167ms]
[2022-09-30T06:09:11.545Z] > git symbolic-ref --short HEAD [3ms]
[2022-09-30T06:09:11.576Z] > git for-each-ref --format=%(refname)%00%(upstream:short)%00%(objectname)%00%(upstream:track)%00%(upstream:remotename)%00%(upstream:remoteref) refs/heads/master refs/remotes/master [3ms]
[2022-09-30T06:09:11.637Z] > git remote --verbose [4ms]
[2022-09-30T06:09:11.639Z] > git for-each-ref --sort -committerdate --format %(refname) %(objectname) %(*objectname) [34ms]
[2022-09-30T06:09:15.666Z] > git config --get commit.template [32ms]
[2022-09-30T06:09:20.863Z] > git status -z -uall [164ms]
[2022-09-30T06:09:20.894Z] > git symbolic-ref --short HEAD [3ms]
[2022-09-30T06:09:20.925Z] > git for-each-ref --format=%(refname)%00%(upstream:short)%00%(objectname)%00%(upstream:track)%00%(upstream:remotename)%00%(upstream:remoteref) refs/heads/master refs/remotes/master [3ms]
[2022-09-30T06:09:20.984Z] > git for-each-ref --sort -committerdate --format %(refname) %(objectname) %(*objectname) [31ms]
[2022-09-30T06:09:20.985Z] > git remote --verbose [4ms]
[2022-09-30T06:09:24.995Z] > git config --get commit.template [27ms]
[2022-09-30T06:09:30.245Z] > git status -z -uall [190ms]
[2022-09-30T06:09:30.277Z] > git symbolic-ref --short HEAD [3ms]
[2022-09-30T06:09:30.309Z] > git for-each-ref --format=%(refname)%00%(upstream:short)%00%(objectname)%00%(upstream:track)%00%(upstream:remotename)%00%(upstream:remoteref) refs/heads/master refs/remotes/master [3ms]
[2022-09-30T06:09:30.370Z] > git for-each-ref --sort -committerdate --format %(refname) %(objectname) %(*objectname) [32ms]
[2022-09-30T06:09:30.371Z] > git remote --verbose [5ms]
[2022-09-30T06:09:34.308Z] > git config --get commit.template [36ms]
[2022-09-30T06:09:39.508Z] > git status -z -uall [164ms]
[2022-09-30T06:09:39.543Z] > git symbolic-ref --short HEAD [3ms]
[2022-09-30T06:09:39.578Z] > git for-each-ref --format=%(refname)%00%(upstream:short)%00%(objectname)%00%(upstream:track)%00%(upstream:remotename)%00%(upstream:remoteref) refs/heads/master refs/remotes/master [3ms]
[2022-09-30T06:09:39.645Z] > git for-each-ref --sort -committerdate --format %(refname) %(objectname) %(*objectname) [35ms]
[2022-09-30T06:09:39.646Z] > git remote --verbose [4ms]
[2022-09-30T06:09:43.627Z] > git config --get commit.template [23ms]
[2022-09-30T06:09:48.820Z] > git status -z -uall [158ms]
[2022-09-30T06:09:48.856Z] > git symbolic-ref --short HEAD [4ms]
[2022-09-30T06:09:48.890Z] > git for-each-ref --format=%(refname)%00%(upstream:short)%00%(objectname)%00%(upstream:track)%00%(upstream:remotename)%00%(upstream:remoteref) refs/heads/master refs/remotes/master [2ms]
[2022-09-30T06:09:48.959Z] > git remote --verbose [5ms]
[2022-09-30T06:09:48.960Z] > git for-each-ref --sort -committerdate --format %(refname) %(objectname) %(*objectname) [37ms]
[2022-09-30T06:09:52.933Z] > git config --get commit.template [32ms]
[2022-09-30T06:09:58.202Z] > git status -z -uall [201ms]
[2022-09-30T06:09:58.234Z] > git symbolic-ref --short HEAD [3ms]
[2022-09-30T06:09:58.267Z] > git for-each-ref --format=%(refname)%00%(upstream:short)%00%(objectname)%00%(upstream:track)%00%(upstream:remotename)%00%(upstream:remoteref) refs/heads/master refs/remotes/master [4ms]
[2022-09-30T06:09:58.331Z] > git remote --verbose [5ms]
[2022-09-30T06:09:58.331Z] > git for-each-ref --sort -committerdate --format %(refname) %(objectname) %(*objectname) [35ms]
[2022-09-30T06:10:02.279Z] > git config --get commit.template [39ms]
[2022-09-30T06:10:07.476Z] > git status -z -uall [160ms]
[2022-09-30T06:10:07.510Z] > git symbolic-ref --short HEAD [3ms]
[2022-09-30T06:10:07.541Z] > git for-each-ref --format=%(refname)%00%(upstream:short)%00%(objectname)%00%(upstream:track)%00%(upstream:remotename)%00%(upstream:remoteref) refs/heads/master refs/remotes/master [3ms]
[2022-09-30T06:10:07.605Z] > git for-each-ref --sort -committerdate --format %(refname) %(objectname) %(*objectname) [35ms]
[2022-09-30T06:10:07.606Z] > git remote --verbose [4ms]
[2022-09-30T06:10:11.611Z] > git config --get commit.template [31ms]
[2022-09-30T06:10:16.816Z] > git status -z -uall [158ms]
[2022-09-30T06:10:16.845Z] > git symbolic-ref --short HEAD [3ms]
[2022-09-30T06:10:16.873Z] > git for-each-ref --format=%(refname)%00%(upstream:short)%00%(objectname)%00%(upstream:track)%00%(upstream:remotename)%00%(upstream:remoteref) refs/heads/master refs/remotes/master [3ms]
[2022-09-30T06:10:16.926Z] > git for-each-ref --sort -committerdate --format %(refname) %(objectname) %(*objectname) [28ms]
[2022-09-30T06:10:16.927Z] > git remote --verbose [5ms]
[2022-09-30T06:10:20.923Z] > git config --get commit.template [35ms]
[2022-09-30T06:10:26.164Z] > git status -z -uall [181ms]
[2022-09-30T06:10:26.195Z] > git symbolic-ref --short HEAD [3ms]
[2022-09-30T06:10:26.227Z] > git for-each-ref --format=%(refname)%00%(upstream:short)%00%(objectname)%00%(upstream:track)%00%(upstream:remotename)%00%(upstream:remoteref) refs/heads/master refs/remotes/master [2ms]
[2022-09-30T06:10:26.286Z] > git remote --verbose [3ms]
[2022-09-30T06:10:26.287Z] > git for-each-ref --sort -committerdate --format %(refname) %(objectname) %(*objectname) [33ms]
[2022-09-30T06:10:30.203Z] > git config --get commit.template [39ms]
[2022-09-30T06:10:35.405Z] > git status -z -uall [167ms]
[2022-09-30T06:10:35.439Z] > git symbolic-ref --short HEAD [3ms]
[2022-09-30T06:10:35.471Z] > git for-each-ref --format=%(refname)%00%(upstream:short)%00%(objectname)%00%(upstream:track)%00%(upstream:remotename)%00%(upstream:remoteref) refs/heads/master refs/remotes/master [3ms]
[2022-09-30T06:10:35.534Z] > git for-each-ref --sort -committerdate --format %(refname) %(objectname) %(*objectname) [33ms]
[2022-09-30T06:10:35.535Z] > git remote --verbose [4ms]
[2022-09-30T06:10:39.531Z] > git config --get commit.template [35ms]
[2022-09-30T06:10:44.730Z] > git status -z -uall [165ms]
[2022-09-30T06:10:44.762Z] > git symbolic-ref --short HEAD [3ms]
[2022-09-30T06:10:44.795Z] > git for-each-ref --format=%(refname)%00%(upstream:short)%00%(objectname)%00%(upstream:track)%00%(upstream:remotename)%00%(upstream:remoteref) refs/heads/master refs/remotes/master [3ms]
[2022-09-30T06:10:44.858Z] > git for-each-ref --sort -committerdate --format %(refname) %(objectname) %(*objectname) [34ms]
[2022-09-30T06:10:44.859Z] > git remote --verbose [5ms]
[2022-09-30T06:10:48.810Z] > git config --get commit.template [24ms]
[2022-09-30T06:10:54.002Z] > git status -z -uall [159ms]
[2022-09-30T06:10:54.036Z] > git symbolic-ref --short HEAD [3ms]
[2022-09-30T06:10:54.070Z] > git for-each-ref --format=%(refname)%00%(upstream:short)%00%(objectname)%00%(upstream:track)%00%(upstream:remotename)%00%(upstream:remoteref) refs/heads/master refs/remotes/master [3ms]
[2022-09-30T06:10:54.133Z] > git for-each-ref --sort -committerdate --format %(refname) %(objectname) %(*objectname) [32ms]
[2022-09-30T06:10:54.134Z] > git remote --verbose [3ms]
[2022-09-30T06:10:58.107Z] > git config --get commit.template [71ms]
[2022-09-30T06:11:03.368Z] > git status -z -uall [188ms]
[2022-09-30T06:11:03.404Z] > git symbolic-ref --short HEAD [3ms]
[2022-09-30T06:11:03.441Z] > git for-each-ref --format=%(refname)%00%(upstream:short)%00%(objectname)%00%(upstream:track)%00%(upstream:remotename)%00%(upstream:remoteref) refs/heads/master refs/remotes/master [3ms]
[2022-09-30T06:11:03.511Z] > git for-each-ref --sort -committerdate --format %(refname) %(objectname) %(*objectname) [36ms]
[2022-09-30T06:11:03.512Z] > git remote --verbose [4ms]
[2022-09-30T06:11:07.424Z] > git config --get commit.template [22ms]
[2022-09-30T06:11:12.663Z] > git status -z -uall [170ms]
[2022-09-30T06:11:12.702Z] > git symbolic-ref --short HEAD [3ms]
[2022-09-30T06:11:12.738Z] > git for-each-ref --format=%(refname)%00%(upstream:short)%00%(objectname)%00%(upstream:track)%00%(upstream:remotename)%00%(upstream:remoteref) refs/heads/master refs/remotes/master [3ms]
[2022-09-30T06:11:12.808Z] > git for-each-ref --sort -committerdate --format %(refname) %(objectname) %(*objectname) [36ms]
[2022-09-30T06:11:12.809Z] > git remote --verbose [4ms]
[2022-09-30T06:11:16.759Z] > git config --get commit.template [55ms]
