[2022-09-30T06:22:19.165Z] Log level: Info
[2022-09-30T06:22:19.207Z] [info] Validating found git in: git
[2022-09-30T06:22:19.343Z] [info] Using git 2.30.2 from git
[2022-09-30T06:22:19.611Z] > git rev-parse --show-toplevel [180ms]
[2022-09-30T06:22:19.687Z] > git rev-parse --git-dir --git-common-dir [54ms]
[2022-09-30T06:22:19.739Z] [info] Open repository: /home/rbc-pi
[2022-09-30T06:22:20.495Z] > git check-ignore -v -z --stdin [64ms]
[2022-09-30T06:22:20.822Z] > git status -z -uall [1058ms]
[2022-09-30T06:22:20.876Z] > git symbolic-ref --short HEAD [40ms]
[2022-09-30T06:22:20.896Z] > git show --textconv :watch.1.md [40ms]
[2022-09-30T06:22:20.899Z] > git ls-files --stage -- /home/rbc-pi/watch.1.md [27ms]
[2022-09-30T06:22:20.918Z] > git for-each-ref --format=%(refname)%00%(upstream:short)%00%(objectname)%00%(upstream:track)%00%(upstream:remotename)%00%(upstream:remoteref) refs/heads/master refs/remotes/master [26ms]
[2022-09-30T06:22:20.969Z] > git remote --verbose [22ms]
[2022-09-30T06:22:20.973Z] > git for-each-ref --sort -committerdate --format %(refname) %(objectname) %(*objectname) [39ms]
[2022-09-30T06:22:21.528Z] > git cat-file -s 9f9aad1ff3cdba179194a2b5bd9eb7db739933a2 [615ms]
[2022-09-30T06:22:24.959Z] > git check-ignore -v -z --stdin [3997ms]
[2022-09-30T06:22:25.000Z] > git config --get commit.template [46ms]
[2022-09-30T06:22:25.290Z] > git status -z -uall [245ms]
[2022-09-30T06:22:25.316Z] > git symbolic-ref --short HEAD [6ms]
[2022-09-30T06:22:25.340Z] > git for-each-ref --format=%(refname)%00%(upstream:short)%00%(objectname)%00%(upstream:track)%00%(upstream:remotename)%00%(upstream:remoteref) refs/heads/master refs/remotes/master [6ms]
[2022-09-30T06:22:25.379Z] > git for-each-ref --sort -committerdate --format %(refname) %(objectname) %(*objectname) [21ms]
[2022-09-30T06:22:25.384Z] > git remote --verbose [10ms]
[2022-09-30T06:22:30.062Z] > git config --get commit.template [100ms]
[2022-09-30T06:22:34.378Z] > git status -z -uall [212ms]
[2022-09-30T06:22:34.403Z] > git symbolic-ref --short HEAD [3ms]
[2022-09-30T06:22:34.427Z] > git for-each-ref --format=%(refname)%00%(upstream:short)%00%(objectname)%00%(upstream:track)%00%(upstream:remotename)%00%(upstream:remoteref) refs/heads/master refs/remotes/master [3ms]
[2022-09-30T06:22:34.472Z] > git for-each-ref --sort -committerdate --format %(refname) %(objectname) %(*objectname) [24ms]
[2022-09-30T06:22:34.473Z] > git remote --verbose [5ms]
[2022-09-30T06:22:38.637Z] > git config --get commit.template [54ms]
[2022-09-30T06:22:43.833Z] > git status -z -uall [163ms]
[2022-09-30T06:22:43.857Z] > git symbolic-ref --short HEAD [3ms]
[2022-09-30T06:22:43.881Z] > git for-each-ref --format=%(refname)%00%(upstream:short)%00%(objectname)%00%(upstream:track)%00%(upstream:remotename)%00%(upstream:remoteref) refs/heads/master refs/remotes/master [3ms]
[2022-09-30T06:22:43.926Z] > git for-each-ref --sort -committerdate --format %(refname) %(objectname) %(*objectname) [23ms]
[2022-09-30T06:22:43.928Z] > git remote --verbose [5ms]
[2022-09-30T06:22:48.017Z] > git config --get commit.template [47ms]
[2022-09-30T06:22:53.207Z] > git status -z -uall [161ms]
[2022-09-30T06:22:53.236Z] > git symbolic-ref --short HEAD [3ms]
[2022-09-30T06:22:53.263Z] > git for-each-ref --format=%(refname)%00%(upstream:short)%00%(objectname)%00%(upstream:track)%00%(upstream:remotename)%00%(upstream:remoteref) refs/heads/master refs/remotes/master [3ms]
[2022-09-30T06:22:53.312Z] > git for-each-ref --sort -committerdate --format %(refname) %(objectname) %(*objectname) [26ms]
[2022-09-30T06:22:53.313Z] > git remote --verbose [5ms]
[2022-09-30T06:22:57.331Z] > git config --get commit.template [24ms]
[2022-09-30T06:23:02.600Z] > git status -z -uall [208ms]
[2022-09-30T06:23:02.624Z] > git symbolic-ref --short HEAD [3ms]
[2022-09-30T06:23:02.649Z] > git for-each-ref --format=%(refname)%00%(upstream:short)%00%(objectname)%00%(upstream:track)%00%(upstream:remotename)%00%(upstream:remoteref) refs/heads/master refs/remotes/master [3ms]
[2022-09-30T06:23:02.693Z] > git for-each-ref --sort -committerdate --format %(refname) %(objectname) %(*objectname) [23ms]
[2022-09-30T06:23:02.694Z] > git remote --verbose [3ms]
[2022-09-30T06:23:06.727Z] > git config --get commit.template [33ms]
[2022-09-30T06:23:11.987Z] > git status -z -uall [205ms]
[2022-09-30T06:23:12.014Z] > git symbolic-ref --short HEAD [3ms]
[2022-09-30T06:23:12.040Z] > git for-each-ref --format=%(refname)%00%(upstream:short)%00%(objectname)%00%(upstream:track)%00%(upstream:remotename)%00%(upstream:remoteref) refs/heads/master refs/remotes/master [3ms]
[2022-09-30T06:23:12.088Z] > git for-each-ref --sort -committerdate --format %(refname) %(objectname) %(*objectname) [25ms]
[2022-09-30T06:23:12.089Z] > git remote --verbose [3ms]
[2022-09-30T06:23:16.060Z] > git config --get commit.template [41ms]
[2022-09-30T06:23:21.264Z] > git status -z -uall [163ms]
[2022-09-30T06:23:21.289Z] > git symbolic-ref --short HEAD [3ms]
[2022-09-30T06:23:21.313Z] > git for-each-ref --format=%(refname)%00%(upstream:short)%00%(objectname)%00%(upstream:track)%00%(upstream:remotename)%00%(upstream:remoteref) refs/heads/master refs/remotes/master [3ms]
[2022-09-30T06:23:21.357Z] > git for-each-ref --sort -committerdate --format %(refname) %(objectname) %(*objectname) [23ms]
[2022-09-30T06:23:21.358Z] > git remote --verbose [3ms]
[2022-09-30T06:23:25.380Z] > git config --get commit.template [34ms]
[2022-09-30T06:23:30.577Z] > git status -z -uall [168ms]
[2022-09-30T06:23:30.603Z] > git symbolic-ref --short HEAD [2ms]
[2022-09-30T06:23:30.630Z] > git for-each-ref --format=%(refname)%00%(upstream:short)%00%(objectname)%00%(upstream:track)%00%(upstream:remotename)%00%(upstream:remoteref) refs/heads/master refs/remotes/master [3ms]
[2022-09-30T06:23:30.680Z] > git remote --verbose [4ms]
[2022-09-30T06:23:30.681Z] > git for-each-ref --sort -committerdate --format %(refname) %(objectname) %(*objectname) [28ms]
[2022-09-30T06:23:34.660Z] > git config --get commit.template [30ms]
[2022-09-30T06:23:39.852Z] > git status -z -uall [165ms]
[2022-09-30T06:23:39.877Z] > git symbolic-ref --short HEAD [3ms]
[2022-09-30T06:23:39.901Z] > git for-each-ref --format=%(refname)%00%(upstream:short)%00%(objectname)%00%(upstream:track)%00%(upstream:remotename)%00%(upstream:remoteref) refs/heads/master refs/remotes/master [3ms]
[2022-09-30T06:23:39.947Z] > git for-each-ref --sort -committerdate --format %(refname) %(objectname) %(*objectname) [23ms]
[2022-09-30T06:23:39.949Z] > git remote --verbose [4ms]
[2022-09-30T06:23:43.964Z] > git config --get commit.template [54ms]
[2022-09-30T06:23:49.220Z] > git status -z -uall [198ms]
[2022-09-30T06:23:49.247Z] > git symbolic-ref --short HEAD [3ms]
[2022-09-30T06:23:49.274Z] > git for-each-ref --format=%(refname)%00%(upstream:short)%00%(objectname)%00%(upstream:track)%00%(upstream:remotename)%00%(upstream:remoteref) refs/heads/master refs/remotes/master [3ms]
[2022-09-30T06:23:49.324Z] > git for-each-ref --sort -committerdate --format %(refname) %(objectname) %(*objectname) [26ms]
[2022-09-30T06:23:49.325Z] > git remote --verbose [4ms]
[2022-09-30T06:23:53.261Z] > git config --get commit.template [30ms]
[2022-09-30T06:23:58.450Z] > git status -z -uall [161ms]
[2022-09-30T06:23:58.476Z] > git symbolic-ref --short HEAD [3ms]
[2022-09-30T06:23:58.501Z] > git for-each-ref --format=%(refname)%00%(upstream:short)%00%(objectname)%00%(upstream:track)%00%(upstream:remotename)%00%(upstream:remoteref) refs/heads/master refs/remotes/master [3ms]
[2022-09-30T06:23:58.547Z] > git for-each-ref --sort -committerdate --format %(refname) %(objectname) %(*objectname) [24ms]
[2022-09-30T06:23:58.548Z] > git remote --verbose [3ms]
[2022-09-30T06:24:02.567Z] > git config --get commit.template [43ms]
[2022-09-30T06:24:07.822Z] > git status -z -uall [210ms]
[2022-09-30T06:24:07.848Z] > git symbolic-ref --short HEAD [5ms]
[2022-09-30T06:24:07.873Z] > git for-each-ref --format=%(refname)%00%(upstream:short)%00%(objectname)%00%(upstream:track)%00%(upstream:remotename)%00%(upstream:remoteref) refs/heads/master refs/remotes/master [3ms]
[2022-09-30T06:24:07.920Z] > git for-each-ref --sort -committerdate --format %(refname) %(objectname) %(*objectname) [25ms]
[2022-09-30T06:24:07.922Z] > git remote --verbose [6ms]
[2022-09-30T06:24:11.901Z] > git config --get commit.template [28ms]
[2022-09-30T06:24:17.091Z] > git status -z -uall [162ms]
[2022-09-30T06:24:17.116Z] > git symbolic-ref --short HEAD [3ms]
[2022-09-30T06:24:17.143Z] > git for-each-ref --format=%(refname)%00%(upstream:short)%00%(objectname)%00%(upstream:track)%00%(upstream:remotename)%00%(upstream:remoteref) refs/heads/master refs/remotes/master [3ms]
[2022-09-30T06:24:17.190Z] > git for-each-ref --sort -committerdate --format %(refname) %(objectname) %(*objectname) [25ms]
[2022-09-30T06:24:17.191Z] > git remote --verbose [4ms]
[2022-09-30T06:24:21.221Z] > git config --get commit.template [29ms]
[2022-09-30T06:24:26.464Z] > git status -z -uall [188ms]
[2022-09-30T06:24:26.492Z] > git symbolic-ref --short HEAD [3ms]
[2022-09-30T06:24:26.519Z] > git for-each-ref --format=%(refname)%00%(upstream:short)%00%(objectname)%00%(upstream:track)%00%(upstream:remotename)%00%(upstream:remoteref) refs/heads/master refs/remotes/master [3ms]
[2022-09-30T06:24:26.571Z] > git for-each-ref --sort -committerdate --format %(refname) %(objectname) %(*objectname) [28ms]
[2022-09-30T06:24:26.572Z] > git remote --verbose [5ms]
[2022-09-30T06:24:30.509Z] > git config --get commit.template [45ms]
[2022-09-30T06:24:35.696Z] > git status -z -uall [158ms]
[2022-09-30T06:24:35.724Z] > git symbolic-ref --short HEAD [3ms]
[2022-09-30T06:24:35.752Z] > git for-each-ref --format=%(refname)%00%(upstream:short)%00%(objectname)%00%(upstream:track)%00%(upstream:remotename)%00%(upstream:remoteref) refs/heads/master refs/remotes/master [2ms]
[2022-09-30T06:24:35.805Z] > git for-each-ref --sort -committerdate --format %(refname) %(objectname) %(*objectname) [28ms]
[2022-09-30T06:24:35.806Z] > git remote --verbose [4ms]
[2022-09-30T06:24:39.788Z] > git config --get commit.template [23ms]
[2022-09-30T06:24:44.985Z] > git status -z -uall [160ms]
[2022-09-30T06:24:45.012Z] > git symbolic-ref --short HEAD [3ms]
[2022-09-30T06:24:45.039Z] > git for-each-ref --format=%(refname)%00%(upstream:short)%00%(objectname)%00%(upstream:track)%00%(upstream:remotename)%00%(upstream:remoteref) refs/heads/master refs/remotes/master [4ms]
[2022-09-30T06:24:45.089Z] > git for-each-ref --sort -committerdate --format %(refname) %(objectname) %(*objectname) [27ms]
[2022-09-30T06:24:45.090Z] > git remote --verbose [5ms]
[2022-09-30T06:24:49.088Z] > git config --get commit.template [42ms]
[2022-09-30T06:24:54.328Z] > git status -z -uall [196ms]
[2022-09-30T06:24:54.359Z] > git symbolic-ref --short HEAD [4ms]
[2022-09-30T06:24:54.386Z] > git for-each-ref --format=%(refname)%00%(upstream:short)%00%(objectname)%00%(upstream:track)%00%(upstream:remotename)%00%(upstream:remoteref) refs/heads/master refs/remotes/master [3ms]
[2022-09-30T06:24:54.436Z] > git for-each-ref --sort -committerdate --format %(refname) %(objectname) %(*objectname) [26ms]
[2022-09-30T06:24:54.437Z] > git remote --verbose [3ms]
[2022-09-30T06:24:58.395Z] > git config --get commit.template [21ms]
[2022-09-30T06:25:03.586Z] > git status -z -uall [162ms]
[2022-09-30T06:25:03.614Z] > git symbolic-ref --short HEAD [3ms]
[2022-09-30T06:25:03.641Z] > git for-each-ref --format=%(refname)%00%(upstream:short)%00%(objectname)%00%(upstream:track)%00%(upstream:remotename)%00%(upstream:remoteref) refs/heads/master refs/remotes/master [3ms]
[2022-09-30T06:25:03.692Z] > git for-each-ref --sort -committerdate --format %(refname) %(objectname) %(*objectname) [27ms]
[2022-09-30T06:25:03.693Z] > git remote --verbose [4ms]
[2022-09-30T06:25:07.669Z] > git config --get commit.template [22ms]
[2022-09-30T06:25:12.856Z] > git status -z -uall [160ms]
[2022-09-30T06:25:12.884Z] > git symbolic-ref --short HEAD [3ms]
[2022-09-30T06:25:12.911Z] > git for-each-ref --format=%(refname)%00%(upstream:short)%00%(objectname)%00%(upstream:track)%00%(upstream:remotename)%00%(upstream:remoteref) refs/heads/master refs/remotes/master [3ms]
[2022-09-30T06:25:12.963Z] > git for-each-ref --sort -committerdate --format %(refname) %(objectname) %(*objectname) [28ms]
[2022-09-30T06:25:12.964Z] > git remote --verbose [4ms]
[2022-09-30T06:25:16.943Z] > git config --get commit.template [22ms]
[2022-09-30T06:25:22.198Z] > git status -z -uall [206ms]
[2022-09-30T06:25:22.225Z] > git symbolic-ref --short HEAD [3ms]
[2022-09-30T06:25:22.253Z] > git for-each-ref --format=%(refname)%00%(upstream:short)%00%(objectname)%00%(upstream:track)%00%(upstream:remotename)%00%(upstream:remoteref) refs/heads/master refs/remotes/master [3ms]
[2022-09-30T06:25:22.304Z] > git for-each-ref --sort -committerdate --format %(refname) %(objectname) %(*objectname) [27ms]
[2022-09-30T06:25:22.305Z] > git remote --verbose [3ms]
[2022-09-30T06:25:26.230Z] > git config --get commit.template [28ms]
[2022-09-30T06:25:31.425Z] > git status -z -uall [162ms]
[2022-09-30T06:25:31.453Z] > git symbolic-ref --short HEAD [3ms]
[2022-09-30T06:25:31.481Z] > git for-each-ref --format=%(refname)%00%(upstream:short)%00%(objectname)%00%(upstream:track)%00%(upstream:remotename)%00%(upstream:remoteref) refs/heads/master refs/remotes/master [3ms]
[2022-09-30T06:25:31.533Z] > git for-each-ref --sort -committerdate --format %(refname) %(objectname) %(*objectname) [27ms]
[2022-09-30T06:25:31.534Z] > git remote --verbose [4ms]
[2022-09-30T06:25:35.511Z] > git config --get commit.template [21ms]
[2022-09-30T06:25:40.704Z] > git status -z -uall [164ms]
[2022-09-30T06:25:40.732Z] > git symbolic-ref --short HEAD [3ms]
[2022-09-30T06:25:40.759Z] > git for-each-ref --format=%(refname)%00%(upstream:short)%00%(objectname)%00%(upstream:track)%00%(upstream:remotename)%00%(upstream:remoteref) refs/heads/master refs/remotes/master [3ms]
[2022-09-30T06:25:40.810Z] > git for-each-ref --sort -committerdate --format %(refname) %(objectname) %(*objectname) [27ms]
[2022-09-30T06:25:40.812Z] > git remote --verbose [5ms]
[2022-09-30T06:25:44.812Z] > git config --get commit.template [38ms]
[2022-09-30T06:25:50.055Z] > git status -z -uall [193ms]
[2022-09-30T06:25:50.083Z] > git symbolic-ref --short HEAD [3ms]
[2022-09-30T06:25:50.111Z] > git for-each-ref --format=%(refname)%00%(upstream:short)%00%(objectname)%00%(upstream:track)%00%(upstream:remotename)%00%(upstream:remoteref) refs/heads/master refs/remotes/master [3ms]
[2022-09-30T06:25:50.163Z] > git for-each-ref --sort -committerdate --format %(refname) %(objectname) %(*objectname) [27ms]
[2022-09-30T06:25:50.165Z] > git remote --verbose [4ms]
[2022-09-30T06:25:54.144Z] > git config --get commit.template [22ms]
[2022-09-30T06:26:17.518Z] > git status -z -uall [196ms]
[2022-09-30T06:26:17.544Z] > git symbolic-ref --short HEAD [3ms]
[2022-09-30T06:26:17.570Z] > git for-each-ref --format=%(refname)%00%(upstream:short)%00%(objectname)%00%(upstream:track)%00%(upstream:remotename)%00%(upstream:remoteref) refs/heads/master refs/remotes/master [3ms]
[2022-09-30T06:26:17.618Z] > git for-each-ref --sort -committerdate --format %(refname) %(objectname) %(*objectname) [25ms]
[2022-09-30T06:26:17.619Z] > git remote --verbose [3ms]
[2022-09-30T06:26:21.741Z] > git config --get commit.template [28ms]
[2022-09-30T06:26:26.933Z] > git status -z -uall [167ms]
[2022-09-30T06:26:26.964Z] > git symbolic-ref --short HEAD [3ms]
[2022-09-30T06:26:26.992Z] > git for-each-ref --format=%(refname)%00%(upstream:short)%00%(objectname)%00%(upstream:track)%00%(upstream:remotename)%00%(upstream:remoteref) refs/heads/master refs/remotes/master [3ms]
[2022-09-30T06:26:27.041Z] > git for-each-ref --sort -committerdate --format %(refname) %(objectname) %(*objectname) [25ms]
[2022-09-30T06:26:27.042Z] > git remote --verbose [3ms]
[2022-09-30T06:26:31.129Z] > git config --get commit.template [66ms]
[2022-09-30T06:26:36.397Z] > git status -z -uall [207ms]
[2022-09-30T06:26:36.427Z] > git symbolic-ref --short HEAD [4ms]
[2022-09-30T06:26:36.456Z] > git for-each-ref --format=%(refname)%00%(upstream:short)%00%(objectname)%00%(upstream:track)%00%(upstream:remotename)%00%(upstream:remoteref) refs/heads/master refs/remotes/master [3ms]
[2022-09-30T06:26:36.510Z] > git for-each-ref --sort -committerdate --format %(refname) %(objectname) %(*objectname) [28ms]
[2022-09-30T06:26:36.511Z] > git remote --verbose [3ms]
[2022-09-30T06:26:40.479Z] > git config --get commit.template [36ms]
[2022-09-30T06:26:45.672Z] > git status -z -uall [162ms]
[2022-09-30T06:26:45.701Z] > git symbolic-ref --short HEAD [2ms]
[2022-09-30T06:26:45.730Z] > git for-each-ref --format=%(refname)%00%(upstream:short)%00%(objectname)%00%(upstream:track)%00%(upstream:remotename)%00%(upstream:remoteref) refs/heads/master refs/remotes/master [2ms]
[2022-09-30T06:26:45.787Z] > git for-each-ref --sort -committerdate --format %(refname) %(objectname) %(*objectname) [30ms]
[2022-09-30T06:26:45.788Z] > git remote --verbose [4ms]
[2022-09-30T06:26:49.856Z] > git config --get commit.template [44ms]
[2022-09-30T06:27:22.988Z] > git status -z -uall [232ms]
[2022-09-30T06:27:23.008Z] > git symbolic-ref --short HEAD [5ms]
[2022-09-30T06:27:23.041Z] > git for-each-ref --format=%(refname)%00%(upstream:short)%00%(objectname)%00%(upstream:track)%00%(upstream:remotename)%00%(upstream:remoteref) refs/heads/master refs/remotes/master [4ms]
[2022-09-30T06:27:23.111Z] > git for-each-ref --sort -committerdate --format %(refname) %(objectname) %(*objectname) [27ms]
[2022-09-30T06:27:23.129Z] > git remote --verbose [22ms]
[2022-09-30T06:27:27.329Z] > git config --get commit.template [52ms]
[2022-09-30T06:27:32.942Z] > git status -z -uall [229ms]
[2022-09-30T06:27:32.975Z] > git symbolic-ref --short HEAD [4ms]
[2022-09-30T06:27:33.009Z] > git for-each-ref --format=%(refname)%00%(upstream:short)%00%(objectname)%00%(upstream:track)%00%(upstream:remotename)%00%(upstream:remoteref) refs/heads/master refs/remotes/master [4ms]
[2022-09-30T06:27:33.072Z] > git for-each-ref --sort -committerdate --format %(refname) %(objectname) %(*objectname) [33ms]
[2022-09-30T06:27:33.075Z] > git remote --verbose [7ms]
[2022-09-30T06:27:37.549Z] > git config --get commit.template [125ms]
[2022-09-30T06:27:39.353Z] > git show --textconv :watch.1.md [36ms]
[2022-09-30T06:27:39.382Z] > git ls-files --stage -- /home/rbc-pi/watch.1.md [32ms]
[2022-09-30T06:27:39.416Z] > git cat-file -s 9f9aad1ff3cdba179194a2b5bd9eb7db739933a2 [5ms]
[2022-09-30T06:27:44.836Z] > git status -z -uall [193ms]
[2022-09-30T06:27:44.871Z] > git symbolic-ref --short HEAD [3ms]
[2022-09-30T06:27:44.904Z] > git for-each-ref --format=%(refname)%00%(upstream:short)%00%(objectname)%00%(upstream:track)%00%(upstream:remotename)%00%(upstream:remoteref) refs/heads/master refs/remotes/master [4ms]
[2022-09-30T06:27:44.967Z] > git for-each-ref --sort -committerdate --format %(refname) %(objectname) %(*objectname) [32ms]
[2022-09-30T06:27:44.969Z] > git remote --verbose [5ms]
[2022-09-30T06:27:49.122Z] > git config --get commit.template [32ms]
[2022-09-30T06:27:54.332Z] > git status -z -uall [180ms]
[2022-09-30T06:27:54.364Z] > git symbolic-ref --short HEAD [3ms]
[2022-09-30T06:27:54.395Z] > git for-each-ref --format=%(refname)%00%(upstream:short)%00%(objectname)%00%(upstream:track)%00%(upstream:remotename)%00%(upstream:remoteref) refs/heads/master refs/remotes/master [4ms]
[2022-09-30T06:27:54.454Z] > git remote --verbose [5ms]
[2022-09-30T06:27:54.455Z] > git for-each-ref --sort -committerdate --format %(refname) %(objectname) %(*objectname) [33ms]
[2022-09-30T06:27:58.553Z] > git config --get commit.template [28ms]
[2022-09-30T06:28:03.803Z] > git status -z -uall [183ms]
[2022-09-30T06:28:03.838Z] > git symbolic-ref --short HEAD [3ms]
[2022-09-30T06:28:03.873Z] > git for-each-ref --format=%(refname)%00%(upstream:short)%00%(objectname)%00%(upstream:track)%00%(upstream:remotename)%00%(upstream:remoteref) refs/heads/master refs/remotes/master [3ms]
[2022-09-30T06:28:03.941Z] > git remote --verbose [4ms]
[2022-09-30T06:28:03.942Z] > git for-each-ref --sort -committerdate --format %(refname) %(objectname) %(*objectname) [37ms]
[2022-09-30T06:28:07.928Z] > git config --get commit.template [52ms]
[2022-09-30T06:28:13.184Z] > git status -z -uall [190ms]
[2022-09-30T06:28:13.219Z] > git symbolic-ref --short HEAD [3ms]
[2022-09-30T06:28:13.254Z] > git for-each-ref --format=%(refname)%00%(upstream:short)%00%(objectname)%00%(upstream:track)%00%(upstream:remotename)%00%(upstream:remoteref) refs/heads/master refs/remotes/master [3ms]
[2022-09-30T06:28:13.321Z] > git for-each-ref --sort -committerdate --format %(refname) %(objectname) %(*objectname) [36ms]
[2022-09-30T06:28:13.322Z] > git remote --verbose [4ms]
[2022-09-30T06:28:17.277Z] > git config --get commit.template [28ms]
[2022-09-30T06:28:22.584Z] > git status -z -uall [232ms]
[2022-09-30T06:28:22.668Z] > git symbolic-ref --short HEAD [7ms]
[2022-09-30T06:28:22.763Z] > git for-each-ref --format=%(refname)%00%(upstream:short)%00%(objectname)%00%(upstream:track)%00%(upstream:remotename)%00%(upstream:remoteref) refs/heads/master refs/remotes/master [60ms]
[2022-09-30T06:28:22.843Z] > git for-each-ref --sort -committerdate --format %(refname) %(objectname) %(*objectname) [38ms]
[2022-09-30T06:28:22.844Z] > git remote --verbose [4ms]
[2022-09-30T06:28:26.832Z] > git config --get commit.template [27ms]
[2022-09-30T06:28:32.028Z] > git status -z -uall [160ms]
[2022-09-30T06:28:32.063Z] > git symbolic-ref --short HEAD [3ms]
[2022-09-30T06:28:32.097Z] > git for-each-ref --format=%(refname)%00%(upstream:short)%00%(objectname)%00%(upstream:track)%00%(upstream:remotename)%00%(upstream:remoteref) refs/heads/master refs/remotes/master [3ms]
[2022-09-30T06:28:32.165Z] > git for-each-ref --sort -committerdate --format %(refname) %(objectname) %(*objectname) [36ms]
[2022-09-30T06:28:32.166Z] > git remote --verbose [4ms]
[2022-09-30T06:28:36.169Z] > git config --get commit.template [48ms]
[2022-09-30T06:30:02.396Z] > git check-ignore -v -z --stdin [15ms]
[2022-09-30T06:30:05.474Z] > git show --textconv :watch.1 [24ms]
[2022-09-30T06:30:05.484Z] > git ls-files --stage -- /home/rbc-pi/watch.1 [13ms]
[2022-09-30T06:30:08.368Z] > git show --textconv :watch.1.md [39ms]
[2022-09-30T06:30:08.383Z] > git ls-files --stage -- /home/rbc-pi/watch.1.md [18ms]
[2022-09-30T06:30:08.414Z] > git cat-file -s 9f9aad1ff3cdba179194a2b5bd9eb7db739933a2 [5ms]
[2022-09-30T06:31:19.506Z] > git status -z -uall [228ms]
[2022-09-30T06:31:19.528Z] > git symbolic-ref --short HEAD [3ms]
[2022-09-30T06:31:19.551Z] > git for-each-ref --format=%(refname)%00%(upstream:short)%00%(objectname)%00%(upstream:track)%00%(upstream:remotename)%00%(upstream:remoteref) refs/heads/master refs/remotes/master [3ms]
[2022-09-30T06:31:19.596Z] > git for-each-ref --sort -committerdate --format %(refname) %(objectname) %(*objectname) [24ms]
[2022-09-30T06:31:19.597Z] > git remote --verbose [6ms]
[2022-09-30T06:31:23.912Z] > git config --get commit.template [63ms]
[2022-09-30T06:31:29.132Z] > git status -z -uall [164ms]
[2022-09-30T06:31:29.164Z] > git symbolic-ref --short HEAD [3ms]
[2022-09-30T06:31:29.196Z] > git for-each-ref --format=%(refname)%00%(upstream:short)%00%(objectname)%00%(upstream:track)%00%(upstream:remotename)%00%(upstream:remoteref) refs/heads/master refs/remotes/master [3ms]
[2022-09-30T06:31:29.259Z] > git for-each-ref --sort -committerdate --format %(refname) %(objectname) %(*objectname) [34ms]
[2022-09-30T06:31:29.260Z] > git remote --verbose [4ms]
[2022-09-30T06:31:33.373Z] > git config --get commit.template [58ms]
[2022-09-30T06:31:38.583Z] > git status -z -uall [162ms]
[2022-09-30T06:31:38.618Z] > git symbolic-ref --short HEAD [3ms]
[2022-09-30T06:31:38.653Z] > git for-each-ref --format=%(refname)%00%(upstream:short)%00%(objectname)%00%(upstream:track)%00%(upstream:remotename)%00%(upstream:remoteref) refs/heads/master refs/remotes/master [3ms]
[2022-09-30T06:31:38.719Z] > git for-each-ref --sort -committerdate --format %(refname) %(objectname) %(*objectname) [35ms]
[2022-09-30T06:31:38.720Z] > git remote --verbose [5ms]
[2022-09-30T06:31:42.796Z] > git config --get commit.template [29ms]
[2022-09-30T06:32:25.868Z] > git status -z -uall [236ms]
[2022-09-30T06:32:25.899Z] > git symbolic-ref --short HEAD [7ms]
[2022-09-30T06:32:25.923Z] > git for-each-ref --format=%(refname)%00%(upstream:short)%00%(objectname)%00%(upstream:track)%00%(upstream:remotename)%00%(upstream:remoteref) refs/heads/master refs/remotes/master [3ms]
[2022-09-30T06:32:25.965Z] > git for-each-ref --sort -committerdate --format %(refname) %(objectname) %(*objectname) [22ms]
[2022-09-30T06:32:25.967Z] > git remote --verbose [4ms]
[2022-09-30T06:32:30.158Z] > git config --get commit.template [34ms]
[2022-09-30T06:32:35.355Z] > git status -z -uall [163ms]
[2022-09-30T06:32:35.387Z] > git symbolic-ref --short HEAD [3ms]
[2022-09-30T06:32:35.419Z] > git for-each-ref --format=%(refname)%00%(upstream:short)%00%(objectname)%00%(upstream:track)%00%(upstream:remotename)%00%(upstream:remoteref) refs/heads/master refs/remotes/master [3ms]
[2022-09-30T06:32:35.481Z] > git for-each-ref --sort -committerdate --format %(refname) %(objectname) %(*objectname) [33ms]
[2022-09-30T06:32:35.482Z] > git remote --verbose [5ms]
[2022-09-30T06:32:39.550Z] > git config --get commit.template [35ms]
[2022-09-30T06:32:44.749Z] > git status -z -uall [162ms]
[2022-09-30T06:32:44.784Z] > git symbolic-ref --short HEAD [2ms]
[2022-09-30T06:32:44.818Z] > git for-each-ref --format=%(refname)%00%(upstream:short)%00%(objectname)%00%(upstream:track)%00%(upstream:remotename)%00%(upstream:remoteref) refs/heads/master refs/remotes/master [3ms]
[2022-09-30T06:32:44.884Z] > git for-each-ref --sort -committerdate --format %(refname) %(objectname) %(*objectname) [34ms]
[2022-09-30T06:32:44.885Z] > git remote --verbose [3ms]
[2022-09-30T06:32:49.073Z] > git config --get commit.template [24ms]
[2022-09-30T06:32:54.313Z] > git status -z -uall [178ms]
[2022-09-30T06:32:54.348Z] > git symbolic-ref --short HEAD [3ms]
[2022-09-30T06:32:54.381Z] > git for-each-ref --format=%(refname)%00%(upstream:short)%00%(objectname)%00%(upstream:track)%00%(upstream:remotename)%00%(upstream:remoteref) refs/heads/master refs/remotes/master [3ms]
[2022-09-30T06:32:54.454Z] > git for-each-ref --sort -committerdate --format %(refname) %(objectname) %(*objectname) [41ms]
[2022-09-30T06:32:54.455Z] > git remote --verbose [5ms]
[2022-09-30T06:32:58.507Z] > git config --get commit.template [29ms]
[2022-09-30T06:33:03.705Z] > git status -z -uall [163ms]
[2022-09-30T06:33:03.744Z] > git symbolic-ref --short HEAD [3ms]
[2022-09-30T06:33:03.779Z] > git for-each-ref --format=%(refname)%00%(upstream:short)%00%(objectname)%00%(upstream:track)%00%(upstream:remotename)%00%(upstream:remoteref) refs/heads/master refs/remotes/master [3ms]
[2022-09-30T06:33:03.846Z] > git for-each-ref --sort -committerdate --format %(refname) %(objectname) %(*objectname) [35ms]
[2022-09-30T06:33:03.848Z] > git remote --verbose [5ms]
[2022-09-30T06:33:07.960Z] > git config --get commit.template [33ms]
[2022-09-30T06:33:13.156Z] > git status -z -uall [162ms]
[2022-09-30T06:33:13.189Z] > git symbolic-ref --short HEAD [3ms]
[2022-09-30T06:33:13.222Z] > git for-each-ref --format=%(refname)%00%(upstream:short)%00%(objectname)%00%(upstream:track)%00%(upstream:remotename)%00%(upstream:remoteref) refs/heads/master refs/remotes/master [3ms]
[2022-09-30T06:33:13.284Z] > git for-each-ref --sort -committerdate --format %(refname) %(objectname) %(*objectname) [32ms]
[2022-09-30T06:33:13.285Z] > git remote --verbose [3ms]
[2022-09-30T06:33:17.331Z] > git config --get commit.template [27ms]
[2022-09-30T06:33:22.604Z] > git status -z -uall [207ms]
[2022-09-30T06:33:22.642Z] > git symbolic-ref --short HEAD [3ms]
[2022-09-30T06:33:22.688Z] > git for-each-ref --format=%(refname)%00%(upstream:short)%00%(objectname)%00%(upstream:track)%00%(upstream:remotename)%00%(upstream:remoteref) refs/heads/master refs/remotes/master [5ms]
[2022-09-30T06:33:22.758Z] > git for-each-ref --sort -committerdate --format %(refname) %(objectname) %(*objectname) [36ms]
[2022-09-30T06:33:22.759Z] > git remote --verbose [4ms]
[2022-09-30T06:33:26.767Z] > git config --get commit.template [27ms]
[2022-09-30T06:33:31.962Z] > git status -z -uall [159ms]
[2022-09-30T06:33:31.995Z] > git symbolic-ref --short HEAD [3ms]
[2022-09-30T06:33:32.028Z] > git for-each-ref --format=%(refname)%00%(upstream:short)%00%(objectname)%00%(upstream:track)%00%(upstream:remotename)%00%(upstream:remoteref) refs/heads/master refs/remotes/master [3ms]
[2022-09-30T06:33:32.093Z] > git for-each-ref --sort -committerdate --format %(refname) %(objectname) %(*objectname) [35ms]
[2022-09-30T06:33:32.094Z] > git remote --verbose [4ms]
[2022-09-30T06:33:36.174Z] > git config --get commit.template [27ms]
[2022-09-30T06:33:41.419Z] > git status -z -uall [178ms]
[2022-09-30T06:33:41.458Z] > git symbolic-ref --short HEAD [3ms]
[2022-09-30T06:33:41.505Z] > git for-each-ref --format=%(refname)%00%(upstream:short)%00%(objectname)%00%(upstream:track)%00%(upstream:remotename)%00%(upstream:remoteref) refs/heads/master refs/remotes/master [14ms]
[2022-09-30T06:33:41.575Z] > git for-each-ref --sort -committerdate --format %(refname) %(objectname) %(*objectname) [36ms]
[2022-09-30T06:33:41.576Z] > git remote --verbose [4ms]
[2022-09-30T06:33:45.577Z] > git config --get commit.template [24ms]
[2022-09-30T06:33:46.467Z] > git show --textconv :watch.1.md [35ms]
[2022-09-30T06:33:46.477Z] > git ls-files --stage -- /home/rbc-pi/watch.1.md [12ms]
[2022-09-30T06:33:46.512Z] > git cat-file -s 9f9aad1ff3cdba179194a2b5bd9eb7db739933a2 [3ms]
[2022-09-30T06:33:54.158Z] > git status -z -uall [189ms]
[2022-09-30T06:33:54.191Z] > git symbolic-ref --short HEAD [3ms]
[2022-09-30T06:33:54.224Z] > git for-each-ref --format=%(refname)%00%(upstream:short)%00%(objectname)%00%(upstream:track)%00%(upstream:remotename)%00%(upstream:remoteref) refs/heads/master refs/remotes/master [2ms]
[2022-09-30T06:33:54.287Z] > git for-each-ref --sort -committerdate --format %(refname) %(objectname) %(*objectname) [32ms]
[2022-09-30T06:33:54.289Z] > git remote --verbose [4ms]
[2022-09-30T06:33:58.268Z] > git config --get commit.template [38ms]
[2022-09-30T06:34:03.471Z] > git status -z -uall [164ms]
[2022-09-30T06:34:03.511Z] > git symbolic-ref --short HEAD [3ms]
[2022-09-30T06:34:03.548Z] > git for-each-ref --format=%(refname)%00%(upstream:short)%00%(objectname)%00%(upstream:track)%00%(upstream:remotename)%00%(upstream:remoteref) refs/heads/master refs/remotes/master [4ms]
[2022-09-30T06:34:03.618Z] > git for-each-ref --sort -committerdate --format %(refname) %(objectname) %(*objectname) [37ms]
[2022-09-30T06:34:03.619Z] > git remote --verbose [5ms]
[2022-09-30T06:34:07.668Z] > git config --get commit.template [36ms]
[2022-09-30T06:34:12.927Z] > git status -z -uall [198ms]
[2022-09-30T06:34:12.961Z] > git symbolic-ref --short HEAD [3ms]
[2022-09-30T06:34:12.995Z] > git for-each-ref --format=%(refname)%00%(upstream:short)%00%(objectname)%00%(upstream:track)%00%(upstream:remotename)%00%(upstream:remoteref) refs/heads/master refs/remotes/master [4ms]
[2022-09-30T06:34:13.058Z] > git for-each-ref --sort -committerdate --format %(refname) %(objectname) %(*objectname) [33ms]
[2022-09-30T06:34:13.059Z] > git remote --verbose [4ms]
[2022-09-30T06:34:17.049Z] > git config --get commit.template [30ms]
[2022-09-30T06:34:22.248Z] > git status -z -uall [163ms]
[2022-09-30T06:34:22.283Z] > git symbolic-ref --short HEAD [3ms]
[2022-09-30T06:34:22.318Z] > git for-each-ref --format=%(refname)%00%(upstream:short)%00%(objectname)%00%(upstream:track)%00%(upstream:remotename)%00%(upstream:remoteref) refs/heads/master refs/remotes/master [3ms]
[2022-09-30T06:34:22.385Z] > git for-each-ref --sort -committerdate --format %(refname) %(objectname) %(*objectname) [35ms]
[2022-09-30T06:34:22.386Z] > git remote --verbose [4ms]
[2022-09-30T06:34:26.425Z] > git config --get commit.template [30ms]
[2022-09-30T06:34:31.656Z] > git status -z -uall [186ms]
[2022-09-30T06:34:31.700Z] > git symbolic-ref --short HEAD [3ms]
[2022-09-30T06:34:31.736Z] > git for-each-ref --format=%(refname)%00%(upstream:short)%00%(objectname)%00%(upstream:track)%00%(upstream:remotename)%00%(upstream:remoteref) refs/heads/master refs/remotes/master [3ms]
[2022-09-30T06:34:31.811Z] > git for-each-ref --sort -committerdate --format %(refname) %(objectname) %(*objectname) [39ms]
[2022-09-30T06:34:31.812Z] > git remote --verbose [4ms]
[2022-09-30T06:34:35.870Z] > git config --get commit.template [26ms]
[2022-09-30T06:34:41.067Z] > git status -z -uall [162ms]
[2022-09-30T06:34:41.101Z] > git symbolic-ref --short HEAD [3ms]
[2022-09-30T06:34:41.136Z] > git for-each-ref --format=%(refname)%00%(upstream:short)%00%(objectname)%00%(upstream:track)%00%(upstream:remotename)%00%(upstream:remoteref) refs/heads/master refs/remotes/master [2ms]
[2022-09-30T06:34:41.199Z] > git for-each-ref --sort -committerdate --format %(refname) %(objectname) %(*objectname) [33ms]
[2022-09-30T06:34:41.201Z] > git remote --verbose [4ms]
[2022-09-30T06:34:45.284Z] > git config --get commit.template [42ms]
[2022-09-30T06:34:50.536Z] > git status -z -uall [185ms]
[2022-09-30T06:34:50.572Z] > git symbolic-ref --short HEAD [2ms]
[2022-09-30T06:34:50.606Z] > git for-each-ref --format=%(refname)%00%(upstream:short)%00%(objectname)%00%(upstream:track)%00%(upstream:remotename)%00%(upstream:remoteref) refs/heads/master refs/remotes/master [3ms]
[2022-09-30T06:34:50.674Z] > git for-each-ref --sort -committerdate --format %(refname) %(objectname) %(*objectname) [35ms]
[2022-09-30T06:34:50.675Z] > git remote --verbose [4ms]
[2022-09-30T06:34:54.674Z] > git config --get commit.template [26ms]
[2022-09-30T06:34:59.979Z] > git status -z -uall [233ms]
[2022-09-30T06:35:00.094Z] > git symbolic-ref --short HEAD [41ms]
[2022-09-30T06:35:00.148Z] > git for-each-ref --format=%(refname)%00%(upstream:short)%00%(objectname)%00%(upstream:track)%00%(upstream:remotename)%00%(upstream:remoteref) refs/heads/master refs/remotes/master [10ms]
[2022-09-30T06:35:00.210Z] > git for-each-ref --sort -committerdate --format %(refname) %(objectname) %(*objectname) [33ms]
[2022-09-30T06:35:00.211Z] > git remote --verbose [4ms]
[2022-09-30T06:35:04.284Z] > git config --get commit.template [30ms]
[2022-09-30T06:35:09.485Z] > git status -z -uall [163ms]
[2022-09-30T06:35:09.525Z] > git symbolic-ref --short HEAD [2ms]
[2022-09-30T06:35:09.561Z] > git for-each-ref --format=%(refname)%00%(upstream:short)%00%(objectname)%00%(upstream:track)%00%(upstream:remotename)%00%(upstream:remoteref) refs/heads/master refs/remotes/master [3ms]
[2022-09-30T06:35:09.632Z] > git for-each-ref --sort -committerdate --format %(refname) %(objectname) %(*objectname) [38ms]
[2022-09-30T06:35:09.633Z] > git remote --verbose [4ms]
[2022-09-30T06:35:13.700Z] > git config --get commit.template [52ms]
[2022-09-30T06:35:18.972Z] > git status -z -uall [195ms]
[2022-09-30T06:35:19.008Z] > git symbolic-ref --short HEAD [3ms]
[2022-09-30T06:35:19.044Z] > git for-each-ref --format=%(refname)%00%(upstream:short)%00%(objectname)%00%(upstream:track)%00%(upstream:remotename)%00%(upstream:remoteref) refs/heads/master refs/remotes/master [3ms]
[2022-09-30T06:35:19.113Z] > git for-each-ref --sort -committerdate --format %(refname) %(objectname) %(*objectname) [36ms]
[2022-09-30T06:35:19.114Z] > git remote --verbose [4ms]
[2022-09-30T06:35:23.136Z] > git config --get commit.template [30ms]
[2022-09-30T06:35:28.337Z] > git status -z -uall [164ms]
[2022-09-30T06:35:28.373Z] > git symbolic-ref --short HEAD [3ms]
[2022-09-30T06:35:28.408Z] > git for-each-ref --format=%(refname)%00%(upstream:short)%00%(objectname)%00%(upstream:track)%00%(upstream:remotename)%00%(upstream:remoteref) refs/heads/master refs/remotes/master [3ms]
[2022-09-30T06:35:28.476Z] > git for-each-ref --sort -committerdate --format %(refname) %(objectname) %(*objectname) [36ms]
[2022-09-30T06:35:28.477Z] > git remote --verbose [4ms]
[2022-09-30T06:35:32.487Z] > git config --get commit.template [26ms]
[2022-09-30T06:35:37.686Z] > git status -z -uall [163ms]
[2022-09-30T06:35:37.721Z] > git symbolic-ref --short HEAD [2ms]
[2022-09-30T06:35:37.756Z] > git for-each-ref --format=%(refname)%00%(upstream:short)%00%(objectname)%00%(upstream:track)%00%(upstream:remotename)%00%(upstream:remoteref) refs/heads/master refs/remotes/master [3ms]
[2022-09-30T06:35:37.823Z] > git for-each-ref --sort -committerdate --format %(refname) %(objectname) %(*objectname) [34ms]
[2022-09-30T06:35:37.824Z] > git remote --verbose [4ms]
[2022-09-30T06:35:41.868Z] > git config --get commit.template [25ms]
[2022-09-30T06:35:47.132Z] > git status -z -uall [188ms]
[2022-09-30T06:35:47.167Z] > git symbolic-ref --short HEAD [3ms]
[2022-09-30T06:35:47.202Z] > git for-each-ref --format=%(refname)%00%(upstream:short)%00%(objectname)%00%(upstream:track)%00%(upstream:remotename)%00%(upstream:remoteref) refs/heads/master refs/remotes/master [3ms]
[2022-09-30T06:35:47.276Z] > git for-each-ref --sort -committerdate --format %(refname) %(objectname) %(*objectname) [41ms]
[2022-09-30T06:35:47.277Z] > git remote --verbose [10ms]
[2022-09-30T06:35:51.248Z] > git config --get commit.template [23ms]
[2022-09-30T06:35:56.446Z] > git status -z -uall [162ms]
[2022-09-30T06:35:56.482Z] > git symbolic-ref --short HEAD [3ms]
[2022-09-30T06:35:56.517Z] > git for-each-ref --format=%(refname)%00%(upstream:short)%00%(objectname)%00%(upstream:track)%00%(upstream:remotename)%00%(upstream:remoteref) refs/heads/master refs/remotes/master [3ms]
[2022-09-30T06:35:56.585Z] > git for-each-ref --sort -committerdate --format %(refname) %(objectname) %(*objectname) [36ms]
[2022-09-30T06:35:56.586Z] > git remote --verbose [4ms]
[2022-09-30T06:36:00.628Z] > git config --get commit.template [23ms]
[2022-09-30T06:36:05.898Z] > git status -z -uall [199ms]
[2022-09-30T06:36:05.935Z] > git symbolic-ref --short HEAD [3ms]
[2022-09-30T06:36:05.970Z] > git for-each-ref --format=%(refname)%00%(upstream:short)%00%(objectname)%00%(upstream:track)%00%(upstream:remotename)%00%(upstream:remoteref) refs/heads/master refs/remotes/master [3ms]
[2022-09-30T06:36:06.039Z] > git for-each-ref --sort -committerdate --format %(refname) %(objectname) %(*objectname) [36ms]
[2022-09-30T06:36:06.040Z] > git remote --verbose [4ms]
[2022-09-30T06:36:10.116Z] > git config --get commit.template [54ms]
[2022-09-30T06:36:15.316Z] > git status -z -uall [162ms]
[2022-09-30T06:36:15.358Z] > git symbolic-ref --short HEAD [6ms]
[2022-09-30T06:36:15.395Z] > git for-each-ref --format=%(refname)%00%(upstream:short)%00%(objectname)%00%(upstream:track)%00%(upstream:remotename)%00%(upstream:remoteref) refs/heads/master refs/remotes/master [4ms]
[2022-09-30T06:36:15.465Z] > git for-each-ref --sort -committerdate --format %(refname) %(objectname) %(*objectname) [37ms]
[2022-09-30T06:36:15.466Z] > git remote --verbose [4ms]
[2022-09-30T06:36:19.428Z] > git config --get commit.template [22ms]
[2022-09-30T06:36:24.683Z] > git status -z -uall [194ms]
[2022-09-30T06:36:24.719Z] > git symbolic-ref --short HEAD [3ms]
[2022-09-30T06:36:24.753Z] > git for-each-ref --format=%(refname)%00%(upstream:short)%00%(objectname)%00%(upstream:track)%00%(upstream:remotename)%00%(upstream:remoteref) refs/heads/master refs/remotes/master [2ms]
[2022-09-30T06:36:24.821Z] > git for-each-ref --sort -committerdate --format %(refname) %(objectname) %(*objectname) [35ms]
[2022-09-30T06:36:24.823Z] > git remote --verbose [4ms]
[2022-09-30T06:36:28.828Z] > git config --get commit.template [51ms]
[2022-09-30T06:36:34.098Z] > git status -z -uall [201ms]
[2022-09-30T06:36:34.134Z] > git symbolic-ref --short HEAD [3ms]
[2022-09-30T06:36:34.171Z] > git for-each-ref --format=%(refname)%00%(upstream:short)%00%(objectname)%00%(upstream:track)%00%(upstream:remotename)%00%(upstream:remoteref) refs/heads/master refs/remotes/master [4ms]
[2022-09-30T06:36:34.240Z] > git for-each-ref --sort -committerdate --format %(refname) %(objectname) %(*objectname) [36ms]
[2022-09-30T06:36:34.241Z] > git remote --verbose [4ms]
[2022-09-30T06:36:38.208Z] > git config --get commit.template [29ms]
[2022-09-30T06:36:43.412Z] > git status -z -uall [165ms]
[2022-09-30T06:36:43.449Z] > git symbolic-ref --short HEAD [3ms]
[2022-09-30T06:36:43.486Z] > git for-each-ref --format=%(refname)%00%(upstream:short)%00%(objectname)%00%(upstream:track)%00%(upstream:remotename)%00%(upstream:remoteref) refs/heads/master refs/remotes/master [3ms]
[2022-09-30T06:36:43.556Z] > git for-each-ref --sort -committerdate --format %(refname) %(objectname) %(*objectname) [36ms]
[2022-09-30T06:36:43.558Z] > git remote --verbose [4ms]
[2022-09-30T06:36:47.595Z] > git config --get commit.template [38ms]
[2022-09-30T06:36:52.802Z] > git status -z -uall [172ms]
[2022-09-30T06:36:52.837Z] > git symbolic-ref --short HEAD [3ms]
[2022-09-30T06:36:52.872Z] > git for-each-ref --format=%(refname)%00%(upstream:short)%00%(objectname)%00%(upstream:track)%00%(upstream:remotename)%00%(upstream:remoteref) refs/heads/master refs/remotes/master [3ms]
[2022-09-30T06:36:52.939Z] > git for-each-ref --sort -committerdate --format %(refname) %(objectname) %(*objectname) [35ms]
[2022-09-30T06:36:52.940Z] > git remote --verbose [5ms]
[2022-09-30T06:36:57.000Z] > git config --get commit.template [40ms]
[2022-09-30T06:37:02.276Z] > git status -z -uall [208ms]
[2022-09-30T06:37:02.312Z] > git symbolic-ref --short HEAD [3ms]
[2022-09-30T06:37:02.349Z] > git for-each-ref --format=%(refname)%00%(upstream:short)%00%(objectname)%00%(upstream:track)%00%(upstream:remotename)%00%(upstream:remoteref) refs/heads/master refs/remotes/master [4ms]
[2022-09-30T06:37:02.420Z] > git for-each-ref --sort -committerdate --format %(refname) %(objectname) %(*objectname) [37ms]
[2022-09-30T06:37:02.421Z] > git remote --verbose [4ms]
[2022-09-30T06:37:06.432Z] > git config --get commit.template [53ms]
[2022-09-30T06:37:11.700Z] > git status -z -uall [200ms]
[2022-09-30T06:37:11.736Z] > git symbolic-ref --short HEAD [3ms]
[2022-09-30T06:37:11.772Z] > git for-each-ref --format=%(refname)%00%(upstream:short)%00%(objectname)%00%(upstream:track)%00%(upstream:remotename)%00%(upstream:remoteref) refs/heads/master refs/remotes/master [3ms]
[2022-09-30T06:37:11.841Z] > git for-each-ref --sort -committerdate --format %(refname) %(objectname) %(*objectname) [36ms]
[2022-09-30T06:37:11.842Z] > git remote --verbose [4ms]
[2022-09-30T06:37:15.816Z] > git config --get commit.template [35ms]
[2022-09-30T06:37:21.016Z] > git status -z -uall [162ms]
[2022-09-30T06:37:21.052Z] > git symbolic-ref --short HEAD [2ms]
[2022-09-30T06:37:21.089Z] > git for-each-ref --format=%(refname)%00%(upstream:short)%00%(objectname)%00%(upstream:track)%00%(upstream:remotename)%00%(upstream:remoteref) refs/heads/master refs/remotes/master [3ms]
[2022-09-30T06:37:21.160Z] > git for-each-ref --sort -committerdate --format %(refname) %(objectname) %(*objectname) [38ms]
[2022-09-30T06:37:21.161Z] > git remote --verbose [5ms]
[2022-09-30T06:37:25.200Z] > git config --get commit.template [37ms]
[2022-09-30T06:37:30.467Z] > git status -z -uall [197ms]
[2022-09-30T06:37:30.503Z] > git symbolic-ref --short HEAD [3ms]
[2022-09-30T06:37:30.539Z] > git for-each-ref --format=%(refname)%00%(upstream:short)%00%(objectname)%00%(upstream:track)%00%(upstream:remotename)%00%(upstream:remoteref) refs/heads/master refs/remotes/master [3ms]
[2022-09-30T06:37:30.610Z] > git for-each-ref --sort -committerdate --format %(refname) %(objectname) %(*objectname) [37ms]
[2022-09-30T06:37:30.611Z] > git remote --verbose [4ms]
[2022-09-30T06:37:34.616Z] > git config --get commit.template [32ms]
[2022-09-30T06:37:39.815Z] > git status -z -uall [163ms]
[2022-09-30T06:37:39.851Z] > git symbolic-ref --short HEAD [3ms]
[2022-09-30T06:37:39.887Z] > git for-each-ref --format=%(refname)%00%(upstream:short)%00%(objectname)%00%(upstream:track)%00%(upstream:remotename)%00%(upstream:remoteref) refs/heads/master refs/remotes/master [3ms]
[2022-09-30T06:37:39.956Z] > git for-each-ref --sort -committerdate --format %(refname) %(objectname) %(*objectname) [36ms]
[2022-09-30T06:37:39.957Z] > git remote --verbose [4ms]
[2022-09-30T06:37:43.983Z] > git config --get commit.template [31ms]
[2022-09-30T06:37:49.238Z] > git status -z -uall [184ms]
[2022-09-30T06:37:49.276Z] > git symbolic-ref --short HEAD [3ms]
[2022-09-30T06:37:49.312Z] > git for-each-ref --format=%(refname)%00%(upstream:short)%00%(objectname)%00%(upstream:track)%00%(upstream:remotename)%00%(upstream:remoteref) refs/heads/master refs/remotes/master [3ms]
[2022-09-30T06:37:49.385Z] > git for-each-ref --sort -committerdate --format %(refname) %(objectname) %(*objectname) [38ms]
[2022-09-30T06:37:49.386Z] > git remote --verbose [3ms]
[2022-09-30T06:37:53.371Z] > git config --get commit.template [46ms]
[2022-09-30T06:37:58.570Z] > git status -z -uall [163ms]
[2022-09-30T06:37:58.606Z] > git symbolic-ref --short HEAD [3ms]
[2022-09-30T06:37:58.641Z] > git for-each-ref --format=%(refname)%00%(upstream:short)%00%(objectname)%00%(upstream:track)%00%(upstream:remotename)%00%(upstream:remoteref) refs/heads/master refs/remotes/master [3ms]
[2022-09-30T06:37:58.710Z] > git remote --verbose [4ms]
[2022-09-30T06:37:58.711Z] > git for-each-ref --sort -committerdate --format %(refname) %(objectname) %(*objectname) [37ms]
[2022-09-30T06:38:02.759Z] > git config --get commit.template [32ms]
[2022-09-30T06:38:08.012Z] > git status -z -uall [192ms]
[2022-09-30T06:38:08.048Z] > git symbolic-ref --short HEAD [4ms]
[2022-09-30T06:38:08.084Z] > git for-each-ref --format=%(refname)%00%(upstream:short)%00%(objectname)%00%(upstream:track)%00%(upstream:remotename)%00%(upstream:remoteref) refs/heads/master refs/remotes/master [4ms]
[2022-09-30T06:38:08.152Z] > git for-each-ref --sort -committerdate --format %(refname) %(objectname) %(*objectname) [35ms]
[2022-09-30T06:38:08.154Z] > git remote --verbose [4ms]
[2022-09-30T06:38:12.150Z] > git config --get commit.template [32ms]
[2022-09-30T06:38:14.388Z] > git check-ignore -v -z --stdin [280ms]
[2022-09-30T06:38:15.348Z] > git check-ignore -v -z --stdin [64ms]
[2022-09-30T06:38:17.423Z] > git status -z -uall [220ms]
[2022-09-30T06:38:17.465Z] > git check-ignore -v -z --stdin [376ms]
[2022-09-30T06:38:17.471Z] > git symbolic-ref --short HEAD [8ms]
[2022-09-30T06:38:17.510Z] > git for-each-ref --format=%(refname)%00%(upstream:short)%00%(objectname)%00%(upstream:track)%00%(upstream:remotename)%00%(upstream:remoteref) refs/heads/master refs/remotes/master [4ms]
[2022-09-30T06:38:17.581Z] > git for-each-ref --sort -committerdate --format %(refname) %(objectname) %(*objectname) [37ms]
[2022-09-30T06:38:17.582Z] > git remote --verbose [4ms]
[2022-09-30T06:38:21.633Z] > git config --get commit.template [38ms]
[2022-09-30T06:38:22.463Z] > git check-ignore -v -z --stdin [250ms]
[2022-09-30T06:38:22.992Z] > git check-ignore -v -z --stdin [131ms]
[2022-09-30T06:38:26.601Z] > git -c user.useConfigOnly=true commit --quiet --allow-empty-message --file - [126ms]
[2022-09-30T06:38:26.601Z] Author identity unknown

*** Please tell me who you are.

Run

  git config --global user.email "you@example.com"
  git config --global user.name "Your Name"

to set your account's default identity.
Omit --global to set the identity only in this repository.

fatal: no email was given and auto-detection is disabled
[2022-09-30T06:38:26.641Z] > git config --get-all user.name [3ms]
[2022-09-30T06:38:26.857Z] > git status -z -uall [173ms]
[2022-09-30T06:38:26.931Z] > git symbolic-ref --short HEAD [28ms]
[2022-09-30T06:38:27.000Z] > git for-each-ref --format=%(refname)%00%(upstream:short)%00%(objectname)%00%(upstream:track)%00%(upstream:remotename)%00%(upstream:remoteref) refs/heads/master refs/remotes/master [23ms]
[2022-09-30T06:38:27.087Z] > git for-each-ref --sort -committerdate --format %(refname) %(objectname) %(*objectname) [41ms]
[2022-09-30T06:38:27.129Z] > git remote --verbose [45ms]
[2022-09-30T06:38:31.139Z] > git config --get commit.template [31ms]
[2022-09-30T06:38:32.987Z] > git ls-files --stage -- /home/rbc-pi/watch.1.md [13ms]
[2022-09-30T06:38:33.023Z] > git cat-file -s 9f9aad1ff3cdba179194a2b5bd9eb7db739933a2 [3ms]
[2022-09-30T06:38:33.091Z] > git show --textconv :watch.1.md [12ms]
[2022-09-30T06:38:50.169Z] > git status -z -uall [203ms]
[2022-09-30T06:38:50.204Z] > git symbolic-ref --short HEAD [3ms]
[2022-09-30T06:38:50.239Z] > git for-each-ref --format=%(refname)%00%(upstream:short)%00%(objectname)%00%(upstream:track)%00%(upstream:remotename)%00%(upstream:remoteref) refs/heads/master refs/remotes/master [3ms]
[2022-09-30T06:38:50.305Z] > git for-each-ref --sort -committerdate --format %(refname) %(objectname) %(*objectname) [34ms]
[2022-09-30T06:38:50.307Z] > git remote --verbose [4ms]
[2022-09-30T06:38:54.552Z] > git config --get commit.template [38ms]
[2022-09-30T06:38:59.808Z] > git status -z -uall [191ms]
[2022-09-30T06:38:59.848Z] > git symbolic-ref --short HEAD [2ms]
[2022-09-30T06:38:59.886Z] > git for-each-ref --format=%(refname)%00%(upstream:short)%00%(objectname)%00%(upstream:track)%00%(upstream:remotename)%00%(upstream:remoteref) refs/heads/master refs/remotes/master [4ms]
[2022-09-30T06:38:59.956Z] > git for-each-ref --sort -committerdate --format %(refname) %(objectname) %(*objectname) [36ms]
[2022-09-30T06:38:59.957Z] > git remote --verbose [3ms]
[2022-09-30T06:39:03.998Z] > git config --get commit.template [27ms]
[2022-09-30T06:39:12.850Z] > git status -z -uall [186ms]
[2022-09-30T06:39:12.891Z] > git symbolic-ref --short HEAD [3ms]
[2022-09-30T06:39:12.932Z] > git for-each-ref --format=%(refname)%00%(upstream:short)%00%(objectname)%00%(upstream:track)%00%(upstream:remotename)%00%(upstream:remoteref) refs/heads/master refs/remotes/master [3ms]
[2022-09-30T06:39:13.011Z] > git for-each-ref --sort -committerdate --format %(refname) %(objectname) %(*objectname) [40ms]
[2022-09-30T06:39:13.012Z] > git remote --verbose [4ms]
[2022-09-30T06:39:16.971Z] > git config --get commit.template [43ms]
[2022-09-30T06:39:22.190Z] > git status -z -uall [170ms]
[2022-09-30T06:39:22.230Z] > git symbolic-ref --short HEAD [3ms]
[2022-09-30T06:39:22.270Z] > git for-each-ref --format=%(refname)%00%(upstream:short)%00%(objectname)%00%(upstream:track)%00%(upstream:remotename)%00%(upstream:remoteref) refs/heads/master refs/remotes/master [3ms]
[2022-09-30T06:39:22.348Z] > git remote --verbose [5ms]
[2022-09-30T06:39:22.349Z] > git for-each-ref --sort -committerdate --format %(refname) %(objectname) %(*objectname) [41ms]
[2022-09-30T06:39:26.393Z] > git config --get commit.template [20ms]
[2022-09-30T06:39:31.584Z] > git status -z -uall [158ms]
[2022-09-30T06:39:31.618Z] > git symbolic-ref --short HEAD [3ms]
[2022-09-30T06:39:31.651Z] > git for-each-ref --format=%(refname)%00%(upstream:short)%00%(objectname)%00%(upstream:track)%00%(upstream:remotename)%00%(upstream:remoteref) refs/heads/master refs/remotes/master [3ms]
[2022-09-30T06:39:31.714Z] > git for-each-ref --sort -committerdate --format %(refname) %(objectname) %(*objectname) [32ms]
[2022-09-30T06:39:31.715Z] > git remote --verbose [3ms]
[2022-09-30T06:39:35.744Z] > git config --get commit.template [33ms]
[2022-09-30T06:39:35.980Z] > git -c user.useConfigOnly=true commit --quiet --allow-empty-message --file - [161ms]
[2022-09-30T06:39:36.160Z] > git status -z -uall [142ms]
[2022-09-30T06:39:36.200Z] > git symbolic-ref --short HEAD [3ms]
[2022-09-30T06:39:36.239Z] > git for-each-ref --format=%(refname)%00%(upstream:short)%00%(objectname)%00%(upstream:track)%00%(upstream:remotename)%00%(upstream:remoteref) refs/heads/master refs/remotes/master [4ms]
[2022-09-30T06:39:36.321Z] > git for-each-ref --sort -committerdate --format %(refname) %(objectname) %(*objectname) [40ms]
[2022-09-30T06:39:36.324Z] > git remote --verbose [6ms]
[2022-09-30T06:39:36.546Z] > git config --get commit.template [87ms]
[2022-09-30T06:39:36.642Z] > git push [20ms]
[2022-09-30T06:39:36.642Z] fatal: The current branch master has no upstream branch.
To push the current branch and set the remote as upstream, use

    git push --set-upstream origin master
[2022-09-30T06:39:39.505Z] > git ls-files --stage -- /home/rbc-pi/watch.1.md [13ms]
[2022-09-30T06:39:39.542Z] > git cat-file -s 9f9aad1ff3cdba179194a2b5bd9eb7db739933a2 [4ms]
[2022-09-30T06:39:39.627Z] > git show --textconv :watch.1.md [11ms]
[2022-09-30T06:39:39.765Z] > git check-ignore -v -z --stdin [12ms]
[2022-09-30T06:39:47.746Z] > git status -z -uall [134ms]
[2022-09-30T06:39:47.784Z] > git symbolic-ref --short HEAD [3ms]
[2022-09-30T06:39:47.820Z] > git for-each-ref --format=%(refname)%00%(upstream:short)%00%(objectname)%00%(upstream:track)%00%(upstream:remotename)%00%(upstream:remoteref) refs/heads/master refs/remotes/master [3ms]
[2022-09-30T06:39:47.890Z] > git for-each-ref --sort -committerdate --format %(refname) %(objectname) %(*objectname) [36ms]
[2022-09-30T06:39:47.892Z] > git remote --verbose [5ms]
[2022-09-30T06:39:47.948Z] > git config --get commit.template [6ms]
[2022-09-30T06:42:19.108Z] > git push -u origin master [151541ms]
[2022-09-30T06:42:19.108Z] remote: warning: See http://git.io/iEPt8g for more information.        
remote: warning: File .vscode-server/bin/74b1f979648cc44d385a2286793c226e611f59e7/node is 75.58 MB; this is larger than GitHub's recommended maximum file size of 50.00 MB        
remote: warning: GH001: Large files detected. You may want to try Git Large File Storage - https://git-lfs.github.com.        
To https://github.com/RBerkC/rbc-pi.git
 * [new branch]      master -> master
[2022-09-30T06:42:19.283Z] > git status -z -uall [138ms]
[2022-09-30T06:42:19.304Z] > git symbolic-ref --short HEAD [3ms]
[2022-09-30T06:42:19.326Z] > git for-each-ref --format=%(refname)%00%(upstream:short)%00%(objectname)%00%(upstream:track)%00%(upstream:remotename)%00%(upstream:remoteref) refs/heads/master refs/remotes/master [4ms]
[2022-09-30T06:42:19.366Z] > git for-each-ref --sort -committerdate --format %(refname) %(objectname) %(*objectname) [22ms]
[2022-09-30T06:42:19.368Z] > git remote --verbose [5ms]
[2022-09-30T06:42:19.403Z] > git config --get commit.template [3ms]
[2022-09-30T06:42:19.461Z] > git config --get commit.template [2ms]
[2022-09-30T06:42:19.573Z] > git status -z -uall [145ms]
[2022-09-30T06:42:19.593Z] > git symbolic-ref --short HEAD [2ms]
[2022-09-30T06:42:19.615Z] > git for-each-ref --format=%(refname)%00%(upstream:short)%00%(objectname)%00%(upstream:track)%00%(upstream:remotename)%00%(upstream:remoteref) refs/heads/master refs/remotes/master [4ms]
[2022-09-30T06:42:19.653Z] > git for-each-ref --sort -committerdate --format %(refname) %(objectname) %(*objectname) [20ms]
[2022-09-30T06:42:19.655Z] > git remote --verbose [4ms]
[2022-09-30T06:42:19.682Z] > git config --get commit.template [3ms]
[2022-09-30T06:42:20.378Z] > git ls-files --stage -- /home/rbc-pi/watch.1.md [12ms]
[2022-09-30T06:42:20.399Z] > git cat-file -s 9f9aad1ff3cdba179194a2b5bd9eb7db739933a2 [3ms]
[2022-09-30T06:42:20.441Z] > git show --textconv :watch.1.md [12ms]
[2022-09-30T06:42:24.887Z] > git status -z -uall [167ms]
[2022-09-30T06:42:24.908Z] > git symbolic-ref --short HEAD [3ms]
[2022-09-30T06:42:24.930Z] > git for-each-ref --format=%(refname)%00%(upstream:short)%00%(objectname)%00%(upstream:track)%00%(upstream:remotename)%00%(upstream:remoteref) refs/heads/master refs/remotes/master [3ms]
[2022-09-30T06:42:24.968Z] > git for-each-ref --sort -committerdate --format %(refname) %(objectname) %(*objectname) [21ms]
[2022-09-30T06:42:24.969Z] > git remote --verbose [4ms]
[2022-09-30T06:42:24.996Z] > git config --get commit.template [3ms]
[2022-09-30T06:42:30.203Z] > git status -z -uall [170ms]
[2022-09-30T06:42:30.224Z] > git symbolic-ref --short HEAD [3ms]
[2022-09-30T06:42:30.246Z] > git for-each-ref --format=%(refname)%00%(upstream:short)%00%(objectname)%00%(upstream:track)%00%(upstream:remotename)%00%(upstream:remoteref) refs/heads/master refs/remotes/master [4ms]
[2022-09-30T06:42:30.284Z] > git for-each-ref --sort -committerdate --format %(refname) %(objectname) %(*objectname) [20ms]
[2022-09-30T06:42:30.286Z] > git remote --verbose [4ms]
[2022-09-30T06:42:30.313Z] > git config --get commit.template [3ms]
[2022-09-30T06:42:35.523Z] > git status -z -uall [164ms]
[2022-09-30T06:42:35.546Z] > git symbolic-ref --short HEAD [3ms]
[2022-09-30T06:42:35.568Z] > git for-each-ref --format=%(refname)%00%(upstream:short)%00%(objectname)%00%(upstream:track)%00%(upstream:remotename)%00%(upstream:remoteref) refs/heads/master refs/remotes/master [4ms]
[2022-09-30T06:42:35.607Z] > git for-each-ref --sort -committerdate --format %(refname) %(objectname) %(*objectname) [20ms]
[2022-09-30T06:42:35.608Z] > git remote --verbose [3ms]
[2022-09-30T06:42:35.636Z] > git config --get commit.template [3ms]
[2022-09-30T06:42:40.855Z] > git status -z -uall [181ms]
[2022-09-30T06:42:40.876Z] > git symbolic-ref --short HEAD [3ms]
[2022-09-30T06:42:40.899Z] > git for-each-ref --format=%(refname)%00%(upstream:short)%00%(objectname)%00%(upstream:track)%00%(upstream:remotename)%00%(upstream:remoteref) refs/heads/master refs/remotes/master [4ms]
[2022-09-30T06:42:40.937Z] > git for-each-ref --sort -committerdate --format %(refname) %(objectname) %(*objectname) [20ms]
[2022-09-30T06:42:40.939Z] > git remote --verbose [4ms]
[2022-09-30T06:42:40.969Z] > git config --get commit.template [3ms]
[2022-09-30T06:42:46.176Z] > git status -z -uall [172ms]
[2022-09-30T06:42:46.200Z] > git symbolic-ref --short HEAD [3ms]
[2022-09-30T06:42:46.222Z] > git for-each-ref --format=%(refname)%00%(upstream:short)%00%(objectname)%00%(upstream:track)%00%(upstream:remotename)%00%(upstream:remoteref) refs/heads/master refs/remotes/master [4ms]
[2022-09-30T06:42:46.263Z] > git for-each-ref --sort -committerdate --format %(refname) %(objectname) %(*objectname) [20ms]
[2022-09-30T06:42:46.265Z] > git remote --verbose [5ms]
[2022-09-30T06:42:46.295Z] > git config --get commit.template [3ms]
[2022-09-30T06:42:51.505Z] > git status -z -uall [173ms]
[2022-09-30T06:42:51.527Z] > git symbolic-ref --short HEAD [3ms]
[2022-09-30T06:42:51.549Z] > git for-each-ref --format=%(refname)%00%(upstream:short)%00%(objectname)%00%(upstream:track)%00%(upstream:remotename)%00%(upstream:remoteref) refs/heads/master refs/remotes/master [4ms]
[2022-09-30T06:42:51.589Z] > git for-each-ref --sort -committerdate --format %(refname) %(objectname) %(*objectname) [20ms]
[2022-09-30T06:42:51.591Z] > git remote --verbose [4ms]
[2022-09-30T06:42:51.619Z] > git config --get commit.template [3ms]
[2022-09-30T06:42:56.835Z] > git status -z -uall [178ms]
[2022-09-30T06:42:56.857Z] > git symbolic-ref --short HEAD [3ms]
[2022-09-30T06:42:56.879Z] > git for-each-ref --format=%(refname)%00%(upstream:short)%00%(objectname)%00%(upstream:track)%00%(upstream:remotename)%00%(upstream:remoteref) refs/heads/master refs/remotes/master [4ms]
[2022-09-30T06:42:56.918Z] > git for-each-ref --sort -committerdate --format %(refname) %(objectname) %(*objectname) [21ms]
[2022-09-30T06:42:56.919Z] > git remote --verbose [4ms]
[2022-09-30T06:42:56.950Z] > git config --get commit.template [2ms]
[2022-09-30T06:43:46.121Z] > git status -z -uall [178ms]
[2022-09-30T06:43:46.143Z] > git symbolic-ref --short HEAD [3ms]
[2022-09-30T06:43:46.166Z] > git for-each-ref --format=%(refname)%00%(upstream:short)%00%(objectname)%00%(upstream:track)%00%(upstream:remotename)%00%(upstream:remoteref) refs/heads/master refs/remotes/master [5ms]
[2022-09-30T06:43:46.205Z] > git for-each-ref --sort -committerdate --format %(refname) %(objectname) %(*objectname) [21ms]
[2022-09-30T06:43:46.209Z] > git remote --verbose [7ms]
[2022-09-30T06:43:46.240Z] > git config --get commit.template [2ms]
[2022-09-30T06:43:51.456Z] > git status -z -uall [179ms]
[2022-09-30T06:43:51.477Z] > git symbolic-ref --short HEAD [3ms]
[2022-09-30T06:43:51.500Z] > git for-each-ref --format=%(refname)%00%(upstream:short)%00%(objectname)%00%(upstream:track)%00%(upstream:remotename)%00%(upstream:remoteref) refs/heads/master refs/remotes/master [4ms]
[2022-09-30T06:43:51.539Z] > git for-each-ref --sort -committerdate --format %(refname) %(objectname) %(*objectname) [20ms]
[2022-09-30T06:43:51.541Z] > git remote --verbose [4ms]
[2022-09-30T06:43:51.571Z] > git config --get commit.template [2ms]
[2022-09-30T06:44:01.234Z] > git status -z -uall [143ms]
[2022-09-30T06:44:01.256Z] > git symbolic-ref --short HEAD [3ms]
