[2022-09-30 08:08:26.474] [exthost] [info] Extension host with pid 1082 started
[2022-09-30 08:08:26.488] [exthost] [error] Error: EEXIST: file already exists, open '/home/rbc-pi/.vscode-server/data/User/workspaceStorage/d3d2cb05fc09f903466b81e23e6882fc/vscode.lock'
[2022-09-30 08:08:26.511] [exthost] [info] Lock '/home/rbc-pi/.vscode-server/data/User/workspaceStorage/d3d2cb05fc09f903466b81e23e6882fc/vscode.lock': Could not acquire lock, checking if the file is stale.
[2022-09-30 08:08:26.523] [exthost] [info] Lock '/home/rbc-pi/.vscode-server/data/User/workspaceStorage/d3d2cb05fc09f903466b81e23e6882fc/vscode.lock': The pid 5959 appears to be gone.
[2022-09-30 08:08:26.524] [exthost] [info] Lock '/home/rbc-pi/.vscode-server/data/User/workspaceStorage/d3d2cb05fc09f903466b81e23e6882fc/vscode.lock': Deleting a stale lock.
[2022-09-30 08:08:26.542] [exthost] [info] Lock '/home/rbc-pi/.vscode-server/data/User/workspaceStorage/d3d2cb05fc09f903466b81e23e6882fc/vscode.lock': Lock acquired.
[2022-09-30 08:08:26.798] [exthost] [info] ExtensionService#_doActivateExtension ms-python.python, startup: false, activationEvent: 'onLanguage:python'
[2022-09-30 08:08:28.231] [exthost] [info] ExtensionService#_doActivateExtension ms-toolsai.jupyter, startup: false, activationEvent: 'onLanguage:python'
[2022-09-30 08:08:29.551] [exthost] [info] ExtensionService#_doActivateExtension vscode.debug-auto-launch, startup: true, activationEvent: '*'
[2022-09-30 08:08:29.570] [exthost] [info] ExtensionService#_doActivateExtension vscode.git-base, startup: true, activationEvent: '*', root cause: vscode.git
[2022-09-30 08:08:29.587] [exthost] [info] ExtensionService#_doActivateExtension vscode.ipynb, startup: true, activationEvent: '*'
[2022-09-30 08:08:30.267] [exthost] [info] ExtensionService#_doActivateExtension vscode.git, startup: true, activationEvent: '*'
[2022-09-30 08:08:30.551] [exthost] [info] ExtensionService#_doActivateExtension vscode.github, startup: true, activationEvent: '*'
[2022-09-30 08:08:32.467] [exthost] [info] ExtensionService#_doActivateExtension ms-toolsai.jupyter-renderers, startup: false, activationEvent: 'api', root cause: ms-toolsai.jupyter
[2022-09-30 08:08:32.983] [exthost] [info] ExtensionService#_doActivateExtension vscode.emmet, startup: false, activationEvent: 'onStartupFinished'
[2022-09-30 08:08:33.049] [exthost] [info] ExtensionService#_doActivateExtension vscode.merge-conflict, startup: false, activationEvent: 'onStartupFinished'
[2022-09-30 08:08:33.067] [exthost] [info] Eager extensions activated
[2022-09-30 08:08:33.405] [exthost] [info] ExtensionService#_doActivateExtension ms-python.vscode-pylance, startup: false, activationEvent: 'onLanguage:python'
[2022-09-30 08:08:34.874] [exthost] [warning] [Decorations] CAPPING events from decorations provider vscode.git 9722
[2022-09-30 08:08:39.285] [exthost] [warning] [Decorations] CAPPING events from decorations provider vscode.git 9722
[2022-09-30 08:08:50.477] [exthost] [warning] [Decorations] CAPPING events from decorations provider vscode.git 9723
[2022-09-30 08:09:02.489] [exthost] [warning] [Decorations] CAPPING events from decorations provider vscode.git 9723
[2022-09-30 08:09:11.962] [exthost] [warning] [Decorations] CAPPING events from decorations provider vscode.git 9723
[2022-09-30 08:09:21.282] [exthost] [warning] [Decorations] CAPPING events from decorations provider vscode.git 9723
[2022-09-30 08:09:30.668] [exthost] [warning] [Decorations] CAPPING events from decorations provider vscode.git 9723
[2022-09-30 08:09:39.946] [exthost] [warning] [Decorations] CAPPING events from decorations provider vscode.git 9723
[2022-09-30 08:09:49.266] [exthost] [warning] [Decorations] CAPPING events from decorations provider vscode.git 9723
[2022-09-30 08:09:58.630] [exthost] [warning] [Decorations] CAPPING events from decorations provider vscode.git 9723
[2022-09-30 08:10:07.906] [exthost] [warning] [Decorations] CAPPING events from decorations provider vscode.git 9723
[2022-09-30 08:10:17.224] [exthost] [warning] [Decorations] CAPPING events from decorations provider vscode.git 9723
[2022-09-30 08:10:26.581] [exthost] [warning] [Decorations] CAPPING events from decorations provider vscode.git 9723
[2022-09-30 08:10:35.833] [exthost] [warning] [Decorations] CAPPING events from decorations provider vscode.git 9723
[2022-09-30 08:10:45.159] [exthost] [warning] [Decorations] CAPPING events from decorations provider vscode.git 9723
[2022-09-30 08:10:54.427] [exthost] [warning] [Decorations] CAPPING events from decorations provider vscode.git 9723
[2022-09-30 08:11:03.812] [exthost] [warning] [Decorations] CAPPING events from decorations provider vscode.git 9723
[2022-09-30 08:11:13.100] [exthost] [warning] [Decorations] CAPPING events from decorations provider vscode.git 9723
