[2022-09-29 12:29:29.364] [exthost] [info] Extension host with pid 1082 started
[2022-09-29 12:29:29.377] [exthost] [error] Error: EEXIST: file already exists, open '/home/rbc-pi/.vscode-server/data/User/workspaceStorage/d3d2cb05fc09f903466b81e23e6882fc/vscode.lock'
[2022-09-29 12:29:29.402] [exthost] [info] Lock '/home/rbc-pi/.vscode-server/data/User/workspaceStorage/d3d2cb05fc09f903466b81e23e6882fc/vscode.lock': Could not acquire lock, checking if the file is stale.
[2022-09-29 12:29:29.414] [exthost] [info] Lock '/home/rbc-pi/.vscode-server/data/User/workspaceStorage/d3d2cb05fc09f903466b81e23e6882fc/vscode.lock': The pid 1069 appears to be gone.
[2022-09-29 12:29:29.414] [exthost] [info] Lock '/home/rbc-pi/.vscode-server/data/User/workspaceStorage/d3d2cb05fc09f903466b81e23e6882fc/vscode.lock': Deleting a stale lock.
[2022-09-29 12:29:29.432] [exthost] [info] Lock '/home/rbc-pi/.vscode-server/data/User/workspaceStorage/d3d2cb05fc09f903466b81e23e6882fc/vscode.lock': Lock acquired.
[2022-09-29 12:29:29.521] [exthost] [info] ExtensionService#_doActivateExtension vscode.extension-editing, startup: false, activationEvent: 'onLanguage:markdown'
[2022-09-29 12:29:29.598] [exthost] [info] ExtensionService#_doActivateExtension vscode.markdown-language-features, startup: false, activationEvent: 'onLanguage:markdown'
[2022-09-29 12:29:30.003] [exthost] [info] ExtensionService#_doActivateExtension vscode.debug-auto-launch, startup: true, activationEvent: '*'
[2022-09-29 12:29:30.021] [exthost] [info] ExtensionService#_doActivateExtension vscode.git-base, startup: true, activationEvent: '*', root cause: vscode.git
[2022-09-29 12:29:30.039] [exthost] [info] ExtensionService#_doActivateExtension vscode.ipynb, startup: true, activationEvent: '*'
[2022-09-29 12:29:30.258] [exthost] [info] ExtensionService#_doActivateExtension vscode.git, startup: true, activationEvent: '*'
[2022-09-29 12:29:30.607] [exthost] [info] ExtensionService#_doActivateExtension vscode.github, startup: true, activationEvent: '*'
[2022-09-29 12:29:30.958] [exthost] [info] ExtensionService#_doActivateExtension vscode.emmet, startup: false, activationEvent: 'onStartupFinished'
[2022-09-29 12:29:31.034] [exthost] [info] ExtensionService#_doActivateExtension vscode.merge-conflict, startup: false, activationEvent: 'onStartupFinished'
[2022-09-29 12:29:31.062] [exthost] [info] Eager extensions activated
[2022-09-29 12:29:31.602] [exthost] [info] ExtensionService#_doActivateExtension vscode.markdown-math, startup: false, activationEvent: 'api', root cause: vscode.markdown-language-features
[2022-09-29 12:36:08.260] [exthost] [info] ExtensionService#_doActivateExtension vscode.configuration-editing, startup: false, activationEvent: 'onLanguage:jsonc'
[2022-09-29 12:36:08.312] [exthost] [info] ExtensionService#_doActivateExtension vscode.json-language-features, startup: false, activationEvent: 'onLanguage:jsonc'
[2022-09-29 12:36:08.553] [exthost] [info] ExtensionService#_doActivateExtension vscode.typescript-language-features, startup: false, activationEvent: 'onLanguage:jsonc'
[2022-09-29 12:49:55.347] [exthost] [info] Extension host terminating: received terminate message from renderer
[2022-09-29 12:49:55.349] [exthost] [info] Lock '/home/rbc-pi/.vscode-server/data/User/workspaceStorage/d3d2cb05fc09f903466b81e23e6882fc/vscode.lock': Marking the lockfile as scheduled to be released in 6000 ms.
[2022-09-29 12:49:55.409] [exthost] [info] Extension host with pid 1082 exiting with code 0
