Visual Studio Code (1.71.2, ssh-remote, desktop)
Jupyter Extension Version: 2022.8.1002431955.
Python Extension Version: 2022.14.0.
Workspace folder /home/rbc-pi
info 7:41:19.403: ZMQ install verified.
User belongs to experiment group 'jupyterTest'
User belongs to experiment group 'jupyterEnhancedDataViewer'
info 7:41:21.856: LSP Notebooks experiment is enabled
info 7:41:23.24: Experiment status for python is {"enabled":true,"optInto":[],"optOutFrom":[]}
info 7:41:23.566: Process Execution: > /bin/python -m pip list
> /bin/python -m pip list
info 7:41:23.801: Process Execution: > /bin/python -c "import pip"
> /bin/python -c "import pip"
info 12:13:29.689: Shutting down notebooks for 2064c80e-2305-46d8-a543-5d98ba872536
info 12:13:29.690: Disposing HostJupyterExecution b709552e-8699-4f01-901a-b87c52953c35
info 12:13:29.690: Disposing super HostJupyterExecution b709552e-8699-4f01-901a-b87c52953c35
info 12:13:29.691: Disposing HostJupyterExecution b709552e-8699-4f01-901a-b87c52953c35
info 12:13:29.691: Finished disposing HostJupyterExecution  b709552e-8699-4f01-901a-b87c52953c35
info 12:13:29.712: Cleaning up server cache b709552e-8699-4f01-901a-b87c52953c35
info 12:13:29.713: Finished disposing HostJupyterExecution  b709552e-8699-4f01-901a-b87c52953c35
